<?xml version="1.0" encoding="UTF-8"?>
<!-- Generated by org.testng.reporters.JUnitReportReporter -->
<testsuite hostname="HDC0005388" name="test.Cal" tests="1" failures="0" timestamp="8 Sep 2017 13:43:15 GMT" time="0.007" errors="0">
  <testcase name="appointment" time="0.007" classname="test.Cal"/>
</testsuite> <!-- test.Cal -->
