<?xml version="1.0" encoding="UTF-8"?>
<!-- Generated by org.testng.reporters.JUnitReportReporter -->
<testsuite hostname="HDC0005388" name="test.New" tests="1" failures="0" timestamp="8 Sep 2017 14:27:42 GMT" time="75.350" errors="0">
  <testcase name="appointment" time="75.350" classname="test.New"/>
</testsuite> <!-- test.New -->
