<?xml version="1.0" encoding="UTF-8"?>
<!-- Generated by org.testng.reporters.JUnitReportReporter -->
<testsuite hostname="HDC0005388" name="grid.Chrome" tests="1" failures="0" timestamp="22 Jul 2018 13:11:31 GMT" time="18.899" errors="0">
  <testcase name="chromeExecution" time="18.899" classname="grid.Chrome"/>
</testsuite> <!-- grid.Chrome -->
