<?xml version="1.0" encoding="UTF-8"?>
<!-- Generated by org.testng.reporters.JUnitReportReporter -->
<testsuite hostname="HDC0005388" name="grid.Firefox" tests="1" failures="0" timestamp="22 Jul 2018 14:52:22 GMT" time="20.970" errors="0">
  <testcase name="firefoxExecution" time="20.970" classname="grid.Firefox"/>
</testsuite> <!-- grid.Firefox -->
