<?xml version="1.0" encoding="UTF-8"?>
<!-- Generated by org.testng.reporters.JUnitReportReporter -->
<testsuite hostname="HDC0005388" name="contactUS_us_en.CONT_US_EN_005_email" tests="1" failures="0" timestamp="15 Mar 2018 14:56:14 GMT" time="74.200" errors="0">
  <testcase name="Email_length" time="74.200" classname="contactUS_us_en.CONT_US_EN_005_email"/>
</testsuite> <!-- contactUS_us_en.CONT_US_EN_005_email -->
