<?xml version="1.0" encoding="UTF-8"?>
<!-- Generated by org.testng.reporters.JUnitReportReporter -->
<testsuite hostname="HDC0006981" name="funnels.AlignmentSearch" tests="1" failures="0" timestamp="13 Sep 2016 07:18:53 GMT" time="28.806" errors="0">
  <testcase name="brakeFunnel" time="28.806" classname="funnels.AlignmentSearch"/>
</testsuite> <!-- funnels.AlignmentSearch -->
