<?xml version="1.0" encoding="UTF-8"?>
<!-- Generated by org.testng.reporters.JUnitReportReporter -->
<testsuite hostname="HDC0005388" name="contactUS_us_en.CONT_US_EN_004" tests="1" failures="0" timestamp="15 Mar 2018 12:06:07 GMT" time="58.492" errors="0">
  <testcase name="Type_of_Inquiry_Product_Concern" time="58.492" classname="contactUS_us_en.CONT_US_EN_004"/>
</testsuite> <!-- contactUS_us_en.CONT_US_EN_004 -->
