<?xml version="1.0" encoding="UTF-8"?>
<!-- Generated by org.testng.reporters.JUnitReportReporter -->
<testsuite hostname="HDC0005388" name="signup.POC_Prod_Desktop_Signup" tests="1" failures="0" timestamp="4 Apr 2018 09:41:24 GMT" time="150.680" errors="0">
  <testcase name="signup" time="150.680" classname="signup.POC_Prod_Desktop_Signup"/>
</testsuite> <!-- signup.POC_Prod_Desktop_Signup -->
