<?xml version="1.0" encoding="UTF-8"?>
<!-- Generated by org.testng.reporters.JUnitReportReporter -->
<testsuite hostname="HDC0006981" name="tire.search.TireSearch" tests="1" failures="0" timestamp="12 Sep 2016 07:51:26 GMT" time="55.448" errors="0">
  <testcase name="tireSearchFunnel" time="55.448" classname="tire.search.TireSearch"/>
</testsuite> <!-- tire.search.TireSearch -->
