<?xml version="1.0" encoding="UTF-8"?>
<!-- Generated by org.testng.reporters.JUnitReportReporter -->
<testsuite hostname="HDC0005388" name="contactUS_us_en.CONT_US_EN_005_EmailID_Field" tests="1" failures="0" timestamp="16 Mar 2018 07:43:06 GMT" time="79.617" errors="0">
  <testcase name="Email_length" time="79.617" classname="contactUS_us_en.CONT_US_EN_005_EmailID_Field"/>
</testsuite> <!-- contactUS_us_en.CONT_US_EN_005_EmailID_Field -->
