<?xml version="1.0" encoding="UTF-8"?>
<!-- Generated by org.testng.reporters.JUnitReportReporter -->
<testsuite hostname="HDC0005388" name="contactUS_us_en.CONT_US_EN_003" tests="1" failures="0" timestamp="13 Mar 2018 11:34:46 GMT" time="52.246" errors="0">
  <testcase name="Type_of_Inquiry_Error_Message" time="52.246" classname="contactUS_us_en.CONT_US_EN_003"/>
</testsuite> <!-- contactUS_us_en.CONT_US_EN_003 -->
