<?xml version="1.0" encoding="UTF-8"?>
<!-- Generated by org.testng.reporters.JUnitReportReporter -->
<testsuite hostname="HDC0006981" name="funnels.Auto_FD_AlignmentSearchFunnel" tests="1" failures="0" timestamp="6 Jan 2017 12:14:43 GMT" time="278.478" errors="0">
  <testcase name="alignment_funnel" time="278.478" classname="funnels.Auto_FD_AlignmentSearchFunnel"/>
</testsuite> <!-- funnels.Auto_FD_AlignmentSearchFunnel -->
