<?xml version="1.0" encoding="UTF-8"?>
<!-- Generated by org.testng.reporters.JUnitReportReporter -->
<testsuite hostname="HDC0005388" name="contactUS_us_en.CONT_US_EN_005" tests="1" failures="0" timestamp="6 Apr 2018 12:00:27 GMT" time="435.214" errors="0">
  <testcase name="Verify_elementPresent" time="435.214" classname="contactUS_us_en.CONT_US_EN_005"/>
</testsuite> <!-- contactUS_us_en.CONT_US_EN_005 -->
