<?xml version="1.0" encoding="UTF-8"?>
<!-- Generated by org.testng.reporters.JUnitReportReporter -->
<testsuite hostname="HDC0005388" name="jsonPayload.Signup" tests="1" failures="0" timestamp="26 Jun 2018 07:51:07 GMT" time="4.065" errors="0">
  <testcase name="signUp" time="4.065" classname="jsonPayload.Signup"/>
</testsuite> <!-- jsonPayload.Signup -->
