<?xml version="1.0" encoding="UTF-8"?>
<!-- Generated by org.testng.reporters.JUnitReportReporter -->
<testsuite hostname="HDC0005388" name="Get_BatteryResults" tests="1" failures="0" timestamp="26 Jun 2018 07:56:16 GMT" time="4.713" errors="0">
  <testcase name="BatteryResult" time="4.713" classname="Get_BatteryResults"/>
</testsuite> <!-- Get_BatteryResults -->
