<?xml version="1.0" encoding="UTF-8"?>
<!-- Generated by org.testng.reporters.JUnitReportReporter -->
<testsuite hostname="HDC0005388" name="com.FirstTest_RestAssured" tests="1" failures="0" timestamp="26 Jun 2018 06:50:14 GMT" time="6.009" errors="0">
  <testcase name="f" time="6.009" classname="com.FirstTest_RestAssured"/>
</testsuite> <!-- com.FirstTest_RestAssured -->
