<?xml version="1.0" encoding="UTF-8"?>
<!-- Generated by org.testng.reporters.JUnitReportReporter -->
<testsuite hostname="HDC0005388" name="getServices.Get_BatteryResults" tests="1" failures="0" timestamp="26 Jun 2018 07:53:22 GMT" time="3.944" errors="0">
  <testcase name="BatteryResult" time="3.944" classname="getServices.Get_BatteryResults"/>
</testsuite> <!-- getServices.Get_BatteryResults -->
