<?xml version="1.0" encoding="UTF-8"?>
<!-- Generated by org.testng.reporters.JUnitReportReporter -->
<testsuite hostname="HDC0005388" name="com.getServices.BatteryResults" tests="1" failures="0" timestamp="26 Jun 2018 06:57:17 GMT" time="11.975" errors="0">
  <testcase name="f" time="11.975" classname="com.getServices.BatteryResults"/>
</testsuite> <!-- com.getServices.BatteryResults -->
