<?xml version="1.0" encoding="UTF-8"?>
<!-- Generated by org.testng.reporters.JUnitReportReporter -->
<testsuite hostname="HDC0005388" name="com.FirstTest_RestAssured" tests="1" failures="0" timestamp="8 Jun 2018 14:32:07 GMT" time="2.710" errors="0">
  <testcase name="f" time="2.710" classname="com.FirstTest_RestAssured"/>
</testsuite> <!-- com.FirstTest_RestAssured -->
