<?xml version="1.0" encoding="UTF-8"?>
<!-- Generated by org.testng.reporters.JUnitReportReporter -->
<testsuite hostname="HDC0005388" name="Post_SaveBatteryQuote" tests="1" failures="0" timestamp="26 Jun 2018 07:55:53 GMT" time="4.024" errors="0">
  <testcase name="SaveQuoteBattery" time="4.024" classname="Post_SaveBatteryQuote"/>
</testsuite> <!-- Post_SaveBatteryQuote -->
