<?xml version="1.0" encoding="UTF-8"?>
<!-- Generated by org.testng.reporters.JUnitReportReporter -->
<testsuite hostname="HDC0005388" name="com.postServices.SaveBatteryQuote" tests="1" failures="0" timestamp="26 Jun 2018 07:29:12 GMT" time="4.346" errors="0">
  <testcase name="SaveQuoteBattery" time="4.346" classname="com.postServices.SaveBatteryQuote"/>
</testsuite> <!-- com.postServices.SaveBatteryQuote -->
