<?xml version="1.0" encoding="UTF-8"?>
<!-- Generated by org.testng.reporters.JUnitReportReporter -->
<testsuite hostname="HDC0005388" name="JSONPayload_Signup" tests="1" failures="0" timestamp="26 Jun 2018 07:56:04 GMT" time="3.835" errors="0">
  <testcase name="signUp" time="3.835" classname="JSONPayload_Signup"/>
</testsuite> <!-- JSONPayload_Signup -->
